  imgui.cpp
  imgui_demo.cpp
  imgui_draw.cpp
  imgui_widgets.cpp
  imgui_sdl.cpp
  BulletRain.cpp
  Button.cpp
D:\GAME2005_A3\GAME2005_A3_Yang_Ogunlesi\src\Button.cpp(22,15): warning C4244: 'argument': conversion from 'const T' to 'int', possible loss of data
          with
          [
              T=float
          ]
D:\GAME2005_A3\GAME2005_A3_Yang_Ogunlesi\src\Button.cpp(23,16): warning C4244: 'argument': conversion from 'const T' to 'int', possible loss of data
          with
          [
              T=float
          ]
D:\GAME2005_A3\GAME2005_A3_Yang_Ogunlesi\src\Button.cpp(38,46): warning C4244: 'argument': conversion from 'const T' to 'int', possible loss of data
          with
          [
              T=float
          ]
D:\GAME2005_A3\GAME2005_A3_Yang_Ogunlesi\src\Button.cpp(38,43): warning C4244: 'argument': conversion from 'const T' to 'int', possible loss of data
          with
          [
              T=float
          ]
  CollisionManager.cpp
D:\GAME2005_A3\GAME2005_A3_Yang_Ogunlesi\src\CollisionManager.cpp(8,15): warning C4244: 'initializing': conversion from 'T' to 'int', possible loss of data
          with
          [
              T=float
          ]
D:\GAME2005_A3\GAME2005_A3_Yang_Ogunlesi\src\CollisionManager.cpp(9,15): warning C4244: 'initializing': conversion from 'T' to 'int', possible loss of data
          with
          [
              T=float
          ]
D:\GAME2005_A3\GAME2005_A3_Yang_Ogunlesi\src\CollisionManager.cpp(33,18): warning C4244: 'initializing': conversion from 'float' to 'int', possible loss of data
D:\GAME2005_A3\GAME2005_A3_Yang_Ogunlesi\src\CollisionManager.cpp(58,16): warning C4244: 'initializing': conversion from 'int' to 'float', possible loss of data
D:\GAME2005_A3\GAME2005_A3_Yang_Ogunlesi\src\CollisionManager.cpp(59,17): warning C4244: 'initializing': conversion from 'int' to 'float', possible loss of data
D:\GAME2005_A3\GAME2005_A3_Yang_Ogunlesi\src\CollisionManager.cpp(60,16): warning C4244: 'initializing': conversion from 'int' to 'float', possible loss of data
D:\GAME2005_A3\GAME2005_A3_Yang_Ogunlesi\src\CollisionManager.cpp(61,17): warning C4244: 'initializing': conversion from 'int' to 'float', possible loss of data
D:\GAME2005_A3\GAME2005_A3_Yang_Ogunlesi\src\CollisionManager.cpp(171,9): warning C4244: 'return': conversion from 'float' to 'int', possible loss of data
D:\GAME2005_A3\GAME2005_A3_Yang_Ogunlesi\src\CollisionManager.cpp(180,19): warning C4244: 'initializing': conversion from 'float' to 'int', possible loss of data
D:\GAME2005_A3\GAME2005_A3_Yang_Ogunlesi\src\CollisionManager.cpp(182,20): warning C4244: 'initializing': conversion from 'float' to 'int', possible loss of data
D:\GAME2005_A3\GAME2005_A3_Yang_Ogunlesi\src\CollisionManager.cpp(185,60): warning C4244: 'argument': conversion from 'int' to 'float', possible loss of data
D:\GAME2005_A3\GAME2005_A3_Yang_Ogunlesi\src\CollisionManager.cpp(185,50): warning C4244: 'argument': conversion from 'int' to 'float', possible loss of data
D:\GAME2005_A3\GAME2005_A3_Yang_Ogunlesi\src\CollisionManager.cpp(206,19): warning C4244: 'return': conversion from '_Ty' to 'int', possible loss of data
          with
          [
              _Ty=float
          ]
  Helicopter.cpp
D:\GAME2005_A3\GAME2005_A3_Yang_Ogunlesi\src\Helicopter.cpp(11,15): warning C4244: 'argument': conversion from 'const T' to 'int', possible loss of data
          with
          [
              T=float
          ]
D:\GAME2005_A3\GAME2005_A3_Yang_Ogunlesi\src\Helicopter.cpp(12,16): warning C4244: 'argument': conversion from 'const T' to 'int', possible loss of data
          with
          [
              T=float
          ]
D:\GAME2005_A3\GAME2005_A3_Yang_Ogunlesi\src\Helicopter.cpp(25,59): warning C4244: 'argument': conversion from 'const T' to 'int', possible loss of data
          with
          [
              T=float
          ]
D:\GAME2005_A3\GAME2005_A3_Yang_Ogunlesi\src\Helicopter.cpp(25,52): warning C4244: 'argument': conversion from 'const T' to 'int', possible loss of data
          with
          [
              T=float
          ]
  PlayScene2.cpp
D:\GAME2005_A3\GAME2005_A3_Yang_Ogunlesi\src\PlayScene2.h(18,12): warning C4244: 'argument': conversion from 'const float' to 'int', possible loss of data
D:\GAME2005_A3\GAME2005_A3_Yang_Ogunlesi\src\PlayScene2.h(19,13): warning C4244: 'argument': conversion from 'const float' to 'int', possible loss of data
D:\GAME2005_A3\GAME2005_A3_Yang_Ogunlesi\src\PlayScene2.cpp(42,54): warning C4244: 'argument': conversion from 'T' to 'int', possible loss of data
          with
          [
              T=float
          ]
D:\GAME2005_A3\GAME2005_A3_Yang_Ogunlesi\src\PlayScene2.cpp(42,46): warning C4244: 'argument': conversion from 'T' to 'int', possible loss of data
          with
          [
              T=float
          ]
D:\GAME2005_A3\GAME2005_A3_Yang_Ogunlesi\src\PlayScene2.cpp(62,47): warning C4244: 'argument': conversion from 'float' to 'int', possible loss of data
D:\GAME2005_A3\GAME2005_A3_Yang_Ogunlesi\src\PlayScene2.cpp(63,76): warning C4244: 'argument': conversion from 'T' to 'int', possible loss of data
          with
          [
              T=float
          ]
D:\GAME2005_A3\GAME2005_A3_Yang_Ogunlesi\src\PlayScene2.cpp(63,54): warning C4244: 'argument': conversion from 'T' to 'int', possible loss of data
          with
          [
              T=float
          ]
D:\GAME2005_A3\GAME2005_A3_Yang_Ogunlesi\src\PlayScene2.cpp(161,20): warning C4244: 'initializing': conversion from 'int' to 'float', possible loss of data
C:\Program Files (x86)\Microsoft Visual Studio\2019\Community\VC\Tools\MSVC\14.27.29110\include\xmemory(230,33): warning C4244: 'argument': conversion from 'int' to 'const float', possible loss of data
C:\Program Files (x86)\Microsoft Visual Studio\2019\Community\VC\Tools\MSVC\14.27.29110\include\memory(1427): message : see reference to function template instantiation 'void std::_Construct_in_place<_Ty,int&,int&>(_Ty &,int &,int &) noexcept(false)' being compiled
          with
          [
              _Ty=PlayZone
          ]
C:\Program Files (x86)\Microsoft Visual Studio\2019\Community\VC\Tools\MSVC\14.27.29110\include\memory(2071): message : see reference to function template instantiation 'std::_Ref_count_obj2<_Ty>::_Ref_count_obj2<int&,int&>(int &,int &)' being compiled
          with
          [
              _Ty=PlayZone
          ]
C:\Program Files (x86)\Microsoft Visual Studio\2019\Community\VC\Tools\MSVC\14.27.29110\include\memory(2072): message : see reference to function template instantiation 'std::_Ref_count_obj2<_Ty>::_Ref_count_obj2<int&,int&>(int &,int &)' being compiled
          with
          [
              _Ty=PlayZone
          ]
D:\GAME2005_A3\GAME2005_A3_Yang_Ogunlesi\src\PlayScene2.cpp(302): message : see reference to function template instantiation 'std::shared_ptr<PlayZone> std::make_shared<PlayZone,int&,int&>(int &,int &)' being compiled
  Sprite.cpp
  UIControl.cpp
D:\GAME2005_A3\GAME2005_A3_Yang_Ogunlesi\src\UIControl.cpp(38,80): warning C4244: 'argument': conversion from 'int' to 'float', possible loss of data
D:\GAME2005_A3\GAME2005_A3_Yang_Ogunlesi\src\UIControl.cpp(38,67): warning C4244: 'argument': conversion from 'int' to 'float', possible loss of data
  DisplayObject.cpp
  EndScene.cpp
D:\GAME2005_A3\GAME2005_A3_Yang_Ogunlesi\src\PlayScene2.h(18,12): warning C4244: 'argument': conversion from 'const float' to 'int', possible loss of data
D:\GAME2005_A3\GAME2005_A3_Yang_Ogunlesi\src\PlayScene2.h(19,13): warning C4244: 'argument': conversion from 'const float' to 'int', possible loss of data
  FontManager.cpp
  Game.cpp
D:\GAME2005_A3\GAME2005_A3_Yang_Ogunlesi\src\PlayScene2.h(18,12): warning C4244: 'argument': conversion from 'const float' to 'int', possible loss of data
D:\GAME2005_A3\GAME2005_A3_Yang_Ogunlesi\src\PlayScene2.h(19,13): warning C4244: 'argument': conversion from 'const float' to 'int', possible loss of data
  GameController.cpp
  GameObject.cpp
  Label.cpp
D:\GAME2005_A3\GAME2005_A3_Yang_Ogunlesi\src\Label.cpp(15,15): warning C4244: 'argument': conversion from 'const T' to 'int', possible loss of data
          with
          [
              T=float
          ]
D:\GAME2005_A3\GAME2005_A3_Yang_Ogunlesi\src\Label.cpp(16,16): warning C4244: 'argument': conversion from 'const T' to 'int', possible loss of data
          with
          [
              T=float
          ]
D:\GAME2005_A3\GAME2005_A3_Yang_Ogunlesi\src\Label.cpp(30,52): warning C4244: 'argument': conversion from 'const T' to 'int', possible loss of data
          with
          [
              T=float
          ]
D:\GAME2005_A3\GAME2005_A3_Yang_Ogunlesi\src\Label.cpp(30,49): warning C4244: 'argument': conversion from 'const T' to 'int', possible loss of data
          with
          [
              T=float
          ]
D:\GAME2005_A3\GAME2005_A3_Yang_Ogunlesi\src\Label.cpp(52,15): warning C4244: 'argument': conversion from 'const T' to 'int', possible loss of data
          with
          [
              T=float
          ]
D:\GAME2005_A3\GAME2005_A3_Yang_Ogunlesi\src\Label.cpp(53,16): warning C4244: 'argument': conversion from 'const T' to 'int', possible loss of data
          with
          [
              T=float
          ]
D:\GAME2005_A3\GAME2005_A3_Yang_Ogunlesi\src\Label.cpp(71,15): warning C4244: 'argument': conversion from 'const T' to 'int', possible loss of data
          with
          [
              T=float
          ]
D:\GAME2005_A3\GAME2005_A3_Yang_Ogunlesi\src\Label.cpp(72,16): warning C4244: 'argument': conversion from 'const T' to 'int', possible loss of data
          with
          [
              T=float
          ]
  PlayScene.cpp
D:\GAME2005_A3\GAME2005_A3_Yang_Ogunlesi\src\PlayScene2.h(18,12): warning C4244: 'argument': conversion from 'const float' to 'int', possible loss of data
D:\GAME2005_A3\GAME2005_A3_Yang_Ogunlesi\src\PlayScene2.h(19,13): warning C4244: 'argument': conversion from 'const float' to 'int', possible loss of data
D:\GAME2005_A3\GAME2005_A3_Yang_Ogunlesi\src\PlayScene.cpp(34,52): warning C4244: 'argument': conversion from 'T' to 'int', possible loss of data
          with
          [
              T=float
          ]
D:\GAME2005_A3\GAME2005_A3_Yang_Ogunlesi\src\PlayScene.cpp(34,44): warning C4244: 'argument': conversion from 'T' to 'int', possible loss of data
          with
          [
              T=float
          ]
D:\GAME2005_A3\GAME2005_A3_Yang_Ogunlesi\src\PlayScene.cpp(47,58): warning C4244: 'argument': conversion from 'float' to 'int', possible loss of data
  Generating Code...
  Compiling...
  main.cpp
D:\GAME2005_A3\GAME2005_A3_Yang_Ogunlesi\src\PlayScene2.h(18,12): warning C4244: 'argument': conversion from 'const float' to 'int', possible loss of data
D:\GAME2005_A3\GAME2005_A3_Yang_Ogunlesi\src\PlayScene2.h(19,13): warning C4244: 'argument': conversion from 'const float' to 'int', possible loss of data
D:\GAME2005_A3\GAME2005_A3_Yang_Ogunlesi\src\main.cpp(12,32): warning C4244: 'initializing': conversion from 'float' to 'int', possible loss of data
  Plane.cpp
D:\GAME2005_A3\GAME2005_A3_Yang_Ogunlesi\src\Plane.cpp(39,6): warning C4244: 'argument': conversion from 'const T' to 'int', possible loss of data
          with
          [
              T=float
          ]
D:\GAME2005_A3\GAME2005_A3_Yang_Ogunlesi\src\Plane.cpp(39,3): warning C4244: 'argument': conversion from 'const T' to 'int', possible loss of data
          with
          [
              T=float
          ]
  Player.cpp
D:\GAME2005_A3\GAME2005_A3_Yang_Ogunlesi\src\Player.cpp(46,7): warning C4244: 'argument': conversion from 'const T' to 'int', possible loss of data
          with
          [
              T=float
          ]
D:\GAME2005_A3\GAME2005_A3_Yang_Ogunlesi\src\Player.cpp(46,4): warning C4244: 'argument': conversion from 'const T' to 'int', possible loss of data
          with
          [
              T=float
          ]
D:\GAME2005_A3\GAME2005_A3_Yang_Ogunlesi\src\Player.cpp(50,7): warning C4244: 'argument': conversion from 'const T' to 'int', possible loss of data
          with
          [
              T=float
          ]
D:\GAME2005_A3\GAME2005_A3_Yang_Ogunlesi\src\Player.cpp(50,4): warning C4244: 'argument': conversion from 'const T' to 'int', possible loss of data
          with
          [
              T=float
          ]
D:\GAME2005_A3\GAME2005_A3_Yang_Ogunlesi\src\Player.cpp(54,7): warning C4244: 'argument': conversion from 'const T' to 'int', possible loss of data
          with
          [
              T=float
          ]
D:\GAME2005_A3\GAME2005_A3_Yang_Ogunlesi\src\Player.cpp(54,4): warning C4244: 'argument': conversion from 'const T' to 'int', possible loss of data
          with
          [
              T=float
          ]
D:\GAME2005_A3\GAME2005_A3_Yang_Ogunlesi\src\Player.cpp(58,7): warning C4244: 'argument': conversion from 'const T' to 'int', possible loss of data
          with
          [
              T=float
          ]
D:\GAME2005_A3\GAME2005_A3_Yang_Ogunlesi\src\Player.cpp(58,4): warning C4244: 'argument': conversion from 'const T' to 'int', possible loss of data
          with
          [
              T=float
          ]
  Renderer.cpp
  Scene.cpp
  ship.cpp
D:\GAME2005_A3\GAME2005_A3_Yang_Ogunlesi\src\ship.cpp(12,15): warning C4244: 'argument': conversion from 'T' to 'int', possible loss of data
          with
          [
              T=float
          ]
D:\GAME2005_A3\GAME2005_A3_Yang_Ogunlesi\src\ship.cpp(13,16): warning C4244: 'argument': conversion from 'T' to 'int', possible loss of data
          with
          [
              T=float
          ]
D:\GAME2005_A3\GAME2005_A3_Yang_Ogunlesi\src\ship.cpp(36,46): warning C4244: 'argument': conversion from 'const T' to 'int', possible loss of data
          with
          [
              T=float
          ]
D:\GAME2005_A3\GAME2005_A3_Yang_Ogunlesi\src\ship.cpp(36,43): warning C4244: 'argument': conversion from 'const T' to 'int', possible loss of data
          with
          [
              T=float
          ]
D:\GAME2005_A3\GAME2005_A3_Yang_Ogunlesi\src\ship.cpp(147,35): warning C4244: 'initializing': conversion from 'float' to 'int', possible loss of data
D:\GAME2005_A3\GAME2005_A3_Yang_Ogunlesi\src\ship.cpp(147,22): warning C4244: 'initializing': conversion from 'float' to 'const int', possible loss of data
  SoundManager.cpp
D:\GAME2005_A3\GAME2005_A3_Yang_Ogunlesi\src\SoundManager.cpp(154,27): warning C4244: 'initializing': conversion from '_Ty' to 'int', possible loss of data
          with
          [
              _Ty=double
          ]
D:\GAME2005_A3\GAME2005_A3_Yang_Ogunlesi\src\SoundManager.cpp(154,20): warning C4244: 'initializing': conversion from '_Ty' to 'const int', possible loss of data
          with
          [
              _Ty=double
          ]
D:\GAME2005_A3\GAME2005_A3_Yang_Ogunlesi\src\SoundManager.cpp(156,28): warning C4244: 'initializing': conversion from '_Ty' to 'int', possible loss of data
          with
          [
              _Ty=double
          ]
D:\GAME2005_A3\GAME2005_A3_Yang_Ogunlesi\src\SoundManager.cpp(156,21): warning C4244: 'initializing': conversion from '_Ty' to 'const int', possible loss of data
          with
          [
              _Ty=double
          ]
  EventManager.cpp
D:\GAME2005_A3\GAME2005_A3_Yang_Ogunlesi\src\PlayScene2.h(18,12): warning C4244: 'argument': conversion from 'const float' to 'int', possible loss of data
D:\GAME2005_A3\GAME2005_A3_Yang_Ogunlesi\src\PlayScene2.h(19,13): warning C4244: 'argument': conversion from 'const float' to 'int', possible loss of data
D:\GAME2005_A3\GAME2005_A3_Yang_Ogunlesi\src\EventManager.cpp(119,29): warning C4018: '<': signed/unsigned mismatch
D:\GAME2005_A3\GAME2005_A3_Yang_Ogunlesi\src\EventManager.cpp(178,37): warning C4244: '=': conversion from 'Sint32' to 'T', possible loss of data
          with
          [
              T=float
          ]
D:\GAME2005_A3\GAME2005_A3_Yang_Ogunlesi\src\EventManager.cpp(179,37): warning C4244: '=': conversion from 'Sint32' to 'T', possible loss of data
          with
          [
              T=float
          ]
  SpriteSheet.cpp
  StartScene.cpp
D:\GAME2005_A3\GAME2005_A3_Yang_Ogunlesi\src\PlayScene2.h(18,12): warning C4244: 'argument': conversion from 'const float' to 'int', possible loss of data
D:\GAME2005_A3\GAME2005_A3_Yang_Ogunlesi\src\PlayScene2.h(19,13): warning C4244: 'argument': conversion from 'const float' to 'int', possible loss of data
  Target.cpp
D:\GAME2005_A3\GAME2005_A3_Yang_Ogunlesi\src\Target.cpp(38,60): warning C4244: 'argument': conversion from 'T' to 'int', possible loss of data
          with
          [
              T=float
          ]
D:\GAME2005_A3\GAME2005_A3_Yang_Ogunlesi\src\Target.cpp(38,53): warning C4244: 'argument': conversion from 'T' to 'int', possible loss of data
          with
          [
              T=float
          ]
D:\GAME2005_A3\GAME2005_A3_Yang_Ogunlesi\src\Target.cpp(61,15): warning C4244: 'argument': conversion from 'const T' to 'int', possible loss of data
          with
          [
              T=float
          ]
D:\GAME2005_A3\GAME2005_A3_Yang_Ogunlesi\src\Target.cpp(62,16): warning C4244: 'argument': conversion from 'const T' to 'int', possible loss of data
          with
          [
              T=float
          ]
  TextureManager.cpp
D:\GAME2005_A3\GAME2005_A3_Yang_Ogunlesi\src\PlayScene2.h(18,12): warning C4244: 'argument': conversion from 'const float' to 'int', possible loss of data
D:\GAME2005_A3\GAME2005_A3_Yang_Ogunlesi\src\PlayScene2.h(19,13): warning C4244: 'argument': conversion from 'const float' to 'int', possible loss of data
D:\GAME2005_A3\GAME2005_A3_Yang_Ogunlesi\src\TextureManager.cpp(137,36): warning C4244: 'initializing': conversion from 'double' to 'int', possible loss of data
D:\GAME2005_A3\GAME2005_A3_Yang_Ogunlesi\src\TextureManager.cpp(137,21): warning C4244: 'initializing': conversion from 'double' to 'const int', possible loss of data
D:\GAME2005_A3\GAME2005_A3_Yang_Ogunlesi\src\TextureManager.cpp(138,37): warning C4244: 'initializing': conversion from 'double' to 'int', possible loss of data
D:\GAME2005_A3\GAME2005_A3_Yang_Ogunlesi\src\TextureManager.cpp(138,21): warning C4244: 'initializing': conversion from 'double' to 'const int', possible loss of data
D:\GAME2005_A3\GAME2005_A3_Yang_Ogunlesi\src\TextureManager.cpp(180,36): warning C4244: 'initializing': conversion from 'double' to 'int', possible loss of data
D:\GAME2005_A3\GAME2005_A3_Yang_Ogunlesi\src\TextureManager.cpp(180,21): warning C4244: 'initializing': conversion from 'double' to 'const int', possible loss of data
D:\GAME2005_A3\GAME2005_A3_Yang_Ogunlesi\src\TextureManager.cpp(181,37): warning C4244: 'initializing': conversion from 'double' to 'int', possible loss of data
D:\GAME2005_A3\GAME2005_A3_Yang_Ogunlesi\src\TextureManager.cpp(181,21): warning C4244: 'initializing': conversion from 'double' to 'const int', possible loss of data
D:\GAME2005_A3\GAME2005_A3_Yang_Ogunlesi\src\TextureManager.cpp(197,34): warning C4244: 'initializing': conversion from 'float' to 'int', possible loss of data
D:\GAME2005_A3\GAME2005_A3_Yang_Ogunlesi\src\TextureManager.cpp(197,26): warning C4244: 'initializing': conversion from 'float' to 'const int', possible loss of data
D:\GAME2005_A3\GAME2005_A3_Yang_Ogunlesi\src\TextureManager.cpp(225,33): warning C4244: 'initializing': conversion from 'float' to 'int', possible loss of data
D:\GAME2005_A3\GAME2005_A3_Yang_Ogunlesi\src\TextureManager.cpp(225,26): warning C4244: 'initializing': conversion from 'float' to 'const int', possible loss of data
D:\GAME2005_A3\GAME2005_A3_Yang_Ogunlesi\src\TextureManager.cpp(232,32): warning C4018: '>': signed/unsigned mismatch
D:\GAME2005_A3\GAME2005_A3_Yang_Ogunlesi\src\TextureManager.cpp(260,36): warning C4244: 'initializing': conversion from 'double' to 'int', possible loss of data
D:\GAME2005_A3\GAME2005_A3_Yang_Ogunlesi\src\TextureManager.cpp(260,21): warning C4244: 'initializing': conversion from 'double' to 'const int', possible loss of data
D:\GAME2005_A3\GAME2005_A3_Yang_Ogunlesi\src\TextureManager.cpp(261,37): warning C4244: 'initializing': conversion from 'double' to 'int', possible loss of data
D:\GAME2005_A3\GAME2005_A3_Yang_Ogunlesi\src\TextureManager.cpp(261,21): warning C4244: 'initializing': conversion from 'double' to 'const int', possible loss of data
D:\GAME2005_A3\GAME2005_A3_Yang_Ogunlesi\src\TextureManager.cpp(290,36): warning C4244: 'initializing': conversion from 'double' to 'int', possible loss of data
D:\GAME2005_A3\GAME2005_A3_Yang_Ogunlesi\src\TextureManager.cpp(290,21): warning C4244: 'initializing': conversion from 'double' to 'const int', possible loss of data
D:\GAME2005_A3\GAME2005_A3_Yang_Ogunlesi\src\TextureManager.cpp(291,37): warning C4244: 'initializing': conversion from 'double' to 'int', possible loss of data
D:\GAME2005_A3\GAME2005_A3_Yang_Ogunlesi\src\TextureManager.cpp(291,21): warning C4244: 'initializing': conversion from 'double' to 'const int', possible loss of data
D:\GAME2005_A3\GAME2005_A3_Yang_Ogunlesi\src\TextureManager.cpp(310,11): warning C4244: '=': conversion from 'int' to 'T', possible loss of data
          with
          [
              T=float
          ]
D:\GAME2005_A3\GAME2005_A3_Yang_Ogunlesi\src\TextureManager.cpp(311,11): warning C4244: '=': conversion from 'int' to 'T', possible loss of data
          with
          [
              T=float
          ]
  Util.cpp
D:\GAME2005_A3\GAME2005_A3_Yang_Ogunlesi\src\Util.cpp(238,15): warning C4244: '=': conversion from 'double' to 'T', possible loss of data
          with
          [
              T=float
          ]
D:\GAME2005_A3\GAME2005_A3_Yang_Ogunlesi\src\Util.cpp(239,15): warning C4244: '=': conversion from 'double' to 'T', possible loss of data
          with
          [
              T=float
          ]
D:\GAME2005_A3\GAME2005_A3_Yang_Ogunlesi\src\Util.cpp(255,16): warning C4244: '=': conversion from 'double' to 'T', possible loss of data
          with
          [
              T=float
          ]
D:\GAME2005_A3\GAME2005_A3_Yang_Ogunlesi\src\Util.cpp(287,8): warning C4244: 'initializing': conversion from 'float' to 'int', possible loss of data
D:\GAME2005_A3\GAME2005_A3_Yang_Ogunlesi\src\Util.cpp(288,8): warning C4244: 'initializing': conversion from 'float' to 'int', possible loss of data
D:\GAME2005_A3\GAME2005_A3_Yang_Ogunlesi\src\Util.cpp(289,8): warning C4244: 'initializing': conversion from 'float' to 'int', possible loss of data
D:\GAME2005_A3\GAME2005_A3_Yang_Ogunlesi\src\Util.cpp(290,8): warning C4244: 'initializing': conversion from 'float' to 'int', possible loss of data
D:\GAME2005_A3\GAME2005_A3_Yang_Ogunlesi\src\Util.cpp(295,59): warning C4244: 'argument': conversion from 'T' to 'int', possible loss of data
          with
          [
              T=float
          ]
D:\GAME2005_A3\GAME2005_A3_Yang_Ogunlesi\src\Util.cpp(295,52): warning C4244: 'argument': conversion from 'T' to 'int', possible loss of data
          with
          [
              T=float
          ]
D:\GAME2005_A3\GAME2005_A3_Yang_Ogunlesi\src\Util.cpp(295,45): warning C4244: 'argument': conversion from 'T' to 'int', possible loss of data
          with
          [
              T=float
          ]
D:\GAME2005_A3\GAME2005_A3_Yang_Ogunlesi\src\Util.cpp(295,36): warning C4244: 'argument': conversion from 'T' to 'int', possible loss of data
          with
          [
              T=float
          ]
D:\GAME2005_A3\GAME2005_A3_Yang_Ogunlesi\src\Util.cpp(301,8): warning C4244: 'initializing': conversion from 'float' to 'int', possible loss of data
D:\GAME2005_A3\GAME2005_A3_Yang_Ogunlesi\src\Util.cpp(302,8): warning C4244: 'initializing': conversion from 'float' to 'int', possible loss of data
D:\GAME2005_A3\GAME2005_A3_Yang_Ogunlesi\src\Util.cpp(303,8): warning C4244: 'initializing': conversion from 'float' to 'int', possible loss of data
D:\GAME2005_A3\GAME2005_A3_Yang_Ogunlesi\src\Util.cpp(304,8): warning C4244: 'initializing': conversion from 'float' to 'int', possible loss of data
D:\GAME2005_A3\GAME2005_A3_Yang_Ogunlesi\src\Util.cpp(307,24): warning C4244: '=': conversion from 'T' to 'int', possible loss of data
          with
          [
              T=float
          ]
D:\GAME2005_A3\GAME2005_A3_Yang_Ogunlesi\src\Util.cpp(308,24): warning C4244: '=': conversion from 'T' to 'int', possible loss of data
          with
          [
              T=float
          ]
D:\GAME2005_A3\GAME2005_A3_Yang_Ogunlesi\src\Util.cpp(321,8): warning C4244: 'initializing': conversion from 'float' to 'int', possible loss of data
D:\GAME2005_A3\GAME2005_A3_Yang_Ogunlesi\src\Util.cpp(322,8): warning C4244: 'initializing': conversion from 'float' to 'int', possible loss of data
D:\GAME2005_A3\GAME2005_A3_Yang_Ogunlesi\src\Util.cpp(323,8): warning C4244: 'initializing': conversion from 'float' to 'int', possible loss of data
D:\GAME2005_A3\GAME2005_A3_Yang_Ogunlesi\src\Util.cpp(324,8): warning C4244: 'initializing': conversion from 'float' to 'int', possible loss of data
D:\GAME2005_A3\GAME2005_A3_Yang_Ogunlesi\src\Util.cpp(329,15): warning C4244: 'initializing': conversion from 'float' to 'int', possible loss of data
D:\GAME2005_A3\GAME2005_A3_Yang_Ogunlesi\src\Util.cpp(343,57): warning C4244: 'argument': conversion from 'T' to 'int', possible loss of data
          with
          [
              T=float
          ]
D:\GAME2005_A3\GAME2005_A3_Yang_Ogunlesi\src\Util.cpp(343,43): warning C4244: 'argument': conversion from 'T' to 'int', possible loss of data
          with
          [
              T=float
          ]
D:\GAME2005_A3\GAME2005_A3_Yang_Ogunlesi\src\Util.cpp(344,57): warning C4244: 'argument': conversion from 'T' to 'int', possible loss of data
          with
          [
              T=float
          ]
D:\GAME2005_A3\GAME2005_A3_Yang_Ogunlesi\src\Util.cpp(344,43): warning C4244: 'argument': conversion from 'T' to 'int', possible loss of data
          with
          [
              T=float
          ]
D:\GAME2005_A3\GAME2005_A3_Yang_Ogunlesi\src\Util.cpp(345,57): warning C4244: 'argument': conversion from 'T' to 'int', possible loss of data
          with
          [
              T=float
          ]
D:\GAME2005_A3\GAME2005_A3_Yang_Ogunlesi\src\Util.cpp(345,43): warning C4244: 'argument': conversion from 'T' to 'int', possible loss of data
          with
          [
              T=float
          ]
D:\GAME2005_A3\GAME2005_A3_Yang_Ogunlesi\src\Util.cpp(346,57): warning C4244: 'argument': conversion from 'T' to 'int', possible loss of data
          with
          [
              T=float
          ]
D:\GAME2005_A3\GAME2005_A3_Yang_Ogunlesi\src\Util.cpp(346,43): warning C4244: 'argument': conversion from 'T' to 'int', possible loss of data
          with
          [
              T=float
          ]
D:\GAME2005_A3\GAME2005_A3_Yang_Ogunlesi\src\Util.cpp(350,57): warning C4244: 'argument': conversion from 'T' to 'int', possible loss of data
          with
          [
              T=float
          ]
D:\GAME2005_A3\GAME2005_A3_Yang_Ogunlesi\src\Util.cpp(350,43): warning C4244: 'argument': conversion from 'T' to 'int', possible loss of data
          with
          [
              T=float
          ]
D:\GAME2005_A3\GAME2005_A3_Yang_Ogunlesi\src\Util.cpp(351,57): warning C4244: 'argument': conversion from 'T' to 'int', possible loss of data
          with
          [
              T=float
          ]
D:\GAME2005_A3\GAME2005_A3_Yang_Ogunlesi\src\Util.cpp(351,43): warning C4244: 'argument': conversion from 'T' to 'int', possible loss of data
          with
          [
              T=float
          ]
D:\GAME2005_A3\GAME2005_A3_Yang_Ogunlesi\src\Util.cpp(352,57): warning C4244: 'argument': conversion from 'T' to 'int', possible loss of data
          with
          [
              T=float
          ]
D:\GAME2005_A3\GAME2005_A3_Yang_Ogunlesi\src\Util.cpp(352,43): warning C4244: 'argument': conversion from 'T' to 'int', possible loss of data
          with
          [
              T=float
          ]
D:\GAME2005_A3\GAME2005_A3_Yang_Ogunlesi\src\Util.cpp(353,57): warning C4244: 'argument': conversion from 'T' to 'int', possible loss of data
          with
          [
              T=float
          ]
D:\GAME2005_A3\GAME2005_A3_Yang_Ogunlesi\src\Util.cpp(353,43): warning C4244: 'argument': conversion from 'T' to 'int', possible loss of data
          with
          [
              T=float
          ]
D:\GAME2005_A3\GAME2005_A3_Yang_Ogunlesi\src\Util.cpp(357,57): warning C4244: 'argument': conversion from 'T' to 'int', possible loss of data
          with
          [
              T=float
          ]
D:\GAME2005_A3\GAME2005_A3_Yang_Ogunlesi\src\Util.cpp(357,43): warning C4244: 'argument': conversion from 'T' to 'int', possible loss of data
          with
          [
              T=float
          ]
D:\GAME2005_A3\GAME2005_A3_Yang_Ogunlesi\src\Util.cpp(358,57): warning C4244: 'argument': conversion from 'T' to 'int', possible loss of data
          with
          [
              T=float
          ]
D:\GAME2005_A3\GAME2005_A3_Yang_Ogunlesi\src\Util.cpp(358,43): warning C4244: 'argument': conversion from 'T' to 'int', possible loss of data
          with
          [
              T=float
          ]
D:\GAME2005_A3\GAME2005_A3_Yang_Ogunlesi\src\Util.cpp(359,57): warning C4244: 'argument': conversion from 'T' to 'int', possible loss of data
          with
          [
              T=float
          ]
D:\GAME2005_A3\GAME2005_A3_Yang_Ogunlesi\src\Util.cpp(359,43): warning C4244: 'argument': conversion from 'T' to 'int', possible loss of data
          with
          [
              T=float
          ]
D:\GAME2005_A3\GAME2005_A3_Yang_Ogunlesi\src\Util.cpp(360,57): warning C4244: 'argument': conversion from 'T' to 'int', possible loss of data
          with
          [
              T=float
          ]
D:\GAME2005_A3\GAME2005_A3_Yang_Ogunlesi\src\Util.cpp(360,43): warning C4244: 'argument': conversion from 'T' to 'int', possible loss of data
          with
          [
              T=float
          ]
D:\GAME2005_A3\GAME2005_A3_Yang_Ogunlesi\src\Util.cpp(364,57): warning C4244: 'argument': conversion from 'T' to 'int', possible loss of data
          with
          [
              T=float
          ]
D:\GAME2005_A3\GAME2005_A3_Yang_Ogunlesi\src\Util.cpp(364,43): warning C4244: 'argument': conversion from 'T' to 'int', possible loss of data
          with
          [
              T=float
          ]
D:\GAME2005_A3\GAME2005_A3_Yang_Ogunlesi\src\Util.cpp(365,57): warning C4244: 'argument': conversion from 'T' to 'int', possible loss of data
          with
          [
              T=float
          ]
D:\GAME2005_A3\GAME2005_A3_Yang_Ogunlesi\src\Util.cpp(365,43): warning C4244: 'argument': conversion from 'T' to 'int', possible loss of data
          with
          [
              T=float
          ]
D:\GAME2005_A3\GAME2005_A3_Yang_Ogunlesi\src\Util.cpp(366,57): warning C4244: 'argument': conversion from 'T' to 'int', possible loss of data
          with
          [
              T=float
          ]
D:\GAME2005_A3\GAME2005_A3_Yang_Ogunlesi\src\Util.cpp(366,43): warning C4244: 'argument': conversion from 'T' to 'int', possible loss of data
          with
          [
              T=float
          ]
D:\GAME2005_A3\GAME2005_A3_Yang_Ogunlesi\src\Util.cpp(367,57): warning C4244: 'argument': conversion from 'T' to 'int', possible loss of data
          with
          [
              T=float
          ]
D:\GAME2005_A3\GAME2005_A3_Yang_Ogunlesi\src\Util.cpp(367,43): warning C4244: 'argument': conversion from 'T' to 'int', possible loss of data
          with
          [
              T=float
          ]
D:\GAME2005_A3\GAME2005_A3_Yang_Ogunlesi\src\Util.cpp(371,57): warning C4244: 'argument': conversion from 'T' to 'int', possible loss of data
          with
          [
              T=float
          ]
D:\GAME2005_A3\GAME2005_A3_Yang_Ogunlesi\src\Util.cpp(371,43): warning C4244: 'argument': conversion from 'T' to 'int', possible loss of data
          with
          [
              T=float
          ]
D:\GAME2005_A3\GAME2005_A3_Yang_Ogunlesi\src\Util.cpp(372,57): warning C4244: 'argument': conversion from 'T' to 'int', possible loss of data
          with
          [
              T=float
          ]
D:\GAME2005_A3\GAME2005_A3_Yang_Ogunlesi\src\Util.cpp(372,43): warning C4244: 'argument': conversion from 'T' to 'int', possible loss of data
          with
          [
              T=float
          ]
D:\GAME2005_A3\GAME2005_A3_Yang_Ogunlesi\src\Util.cpp(373,57): warning C4244: 'argument': conversion from 'T' to 'int', possible loss of data
          with
          [
              T=float
          ]
D:\GAME2005_A3\GAME2005_A3_Yang_Ogunlesi\src\Util.cpp(373,43): warning C4244: 'argument': conversion from 'T' to 'int', possible loss of data
          with
          [
              T=float
          ]
D:\GAME2005_A3\GAME2005_A3_Yang_Ogunlesi\src\Util.cpp(374,57): warning C4244: 'argument': conversion from 'T' to 'int', possible loss of data
          with
          [
              T=float
          ]
D:\GAME2005_A3\GAME2005_A3_Yang_Ogunlesi\src\Util.cpp(374,43): warning C4244: 'argument': conversion from 'T' to 'int', possible loss of data
          with
          [
              T=float
          ]
D:\GAME2005_A3\GAME2005_A3_Yang_Ogunlesi\src\Util.cpp(375,57): warning C4244: 'argument': conversion from 'T' to 'int', possible loss of data
          with
          [
              T=float
          ]
D:\GAME2005_A3\GAME2005_A3_Yang_Ogunlesi\src\Util.cpp(375,43): warning C4244: 'argument': conversion from 'T' to 'int', possible loss of data
          with
          [
              T=float
          ]
D:\GAME2005_A3\GAME2005_A3_Yang_Ogunlesi\src\Util.cpp(376,57): warning C4244: 'argument': conversion from 'T' to 'int', possible loss of data
          with
          [
              T=float
          ]
D:\GAME2005_A3\GAME2005_A3_Yang_Ogunlesi\src\Util.cpp(376,43): warning C4244: 'argument': conversion from 'T' to 'int', possible loss of data
          with
          [
              T=float
          ]
D:\GAME2005_A3\GAME2005_A3_Yang_Ogunlesi\src\Util.cpp(377,57): warning C4244: 'argument': conversion from 'T' to 'int', possible loss of data
          with
          [
              T=float
          ]
D:\GAME2005_A3\GAME2005_A3_Yang_Ogunlesi\src\Util.cpp(377,43): warning C4244: 'argument': conversion from 'T' to 'int', possible loss of data
          with
          [
              T=float
          ]
D:\GAME2005_A3\GAME2005_A3_Yang_Ogunlesi\src\Util.cpp(378,57): warning C4244: 'argument': conversion from 'T' to 'int', possible loss of data
          with
          [
              T=float
          ]
D:\GAME2005_A3\GAME2005_A3_Yang_Ogunlesi\src\Util.cpp(378,43): warning C4244: 'argument': conversion from 'T' to 'int', possible loss of data
          with
          [
              T=float
          ]
D:\GAME2005_A3\GAME2005_A3_Yang_Ogunlesi\src\Util.cpp(405,16): warning C4244: 'initializing': conversion from 'float' to 'int', possible loss of data
D:\GAME2005_A3\GAME2005_A3_Yang_Ogunlesi\src\Util.cpp(406,17): warning C4244: 'initializing': conversion from 'float' to 'int', possible loss of data
D:\GAME2005_A3\GAME2005_A3_Yang_Ogunlesi\src\Util.cpp(411,23): warning C4244: '=': conversion from 'float' to 'int', possible loss of data
D:\GAME2005_A3\GAME2005_A3_Yang_Ogunlesi\src\Util.cpp(421,22): warning C4244: '=': conversion from 'float' to 'int', possible loss of data
D:\GAME2005_A3\GAME2005_A3_Yang_Ogunlesi\src\Util.cpp(430,19): warning C4244: '=': conversion from 'float' to 'int', possible loss of data
  Generating Code...
  Template.vcxproj -> D:\GAME2005_A3\GAME2005_A3_Yang_Ogunlesi\bin\Debug\Template.exe
