c:\dev\work\arzaan\sdl\game2005_a2_yang_ogunlesi\template\intermediate\debug\vc142.pdb
c:\dev\work\arzaan\sdl\game2005_a2_yang_ogunlesi\template\intermediate\debug\vc142.idb
c:\dev\work\arzaan\sdl\game2005_a2_yang_ogunlesi\template\intermediate\debug\playscene.obj
c:\dev\work\arzaan\sdl\game2005_a2_yang_ogunlesi\template\intermediate\debug\label.obj
c:\dev\work\arzaan\sdl\game2005_a2_yang_ogunlesi\template\intermediate\debug\gameobject.obj
c:\dev\work\arzaan\sdl\game2005_a2_yang_ogunlesi\template\intermediate\debug\gamecontroller.obj
c:\dev\work\arzaan\sdl\game2005_a2_yang_ogunlesi\template\intermediate\debug\game.obj
c:\dev\work\arzaan\sdl\game2005_a2_yang_ogunlesi\template\intermediate\debug\fontmanager.obj
c:\dev\work\arzaan\sdl\game2005_a2_yang_ogunlesi\template\intermediate\debug\endscene.obj
c:\dev\work\arzaan\sdl\game2005_a2_yang_ogunlesi\template\intermediate\debug\displayobject.obj
c:\dev\work\arzaan\sdl\game2005_a2_yang_ogunlesi\template\intermediate\debug\uicontrol.obj
c:\dev\work\arzaan\sdl\game2005_a2_yang_ogunlesi\template\intermediate\debug\sprite.obj
c:\dev\work\arzaan\sdl\game2005_a2_yang_ogunlesi\template\intermediate\debug\playscene2.obj
c:\dev\work\arzaan\sdl\game2005_a2_yang_ogunlesi\template\intermediate\debug\helicopter.obj
c:\dev\work\arzaan\sdl\game2005_a2_yang_ogunlesi\template\intermediate\debug\collisionmanager.obj
c:\dev\work\arzaan\sdl\game2005_a2_yang_ogunlesi\template\intermediate\debug\button.obj
c:\dev\work\arzaan\sdl\game2005_a2_yang_ogunlesi\template\intermediate\debug\bulletrain.obj
c:\dev\work\arzaan\sdl\game2005_a2_yang_ogunlesi\template\intermediate\debug\imgui_sdl.obj
c:\dev\work\arzaan\sdl\game2005_a2_yang_ogunlesi\template\intermediate\debug\imgui_widgets.obj
c:\dev\work\arzaan\sdl\game2005_a2_yang_ogunlesi\template\intermediate\debug\imgui_draw.obj
c:\dev\work\arzaan\sdl\game2005_a2_yang_ogunlesi\template\intermediate\debug\imgui_demo.obj
c:\dev\work\arzaan\sdl\game2005_a2_yang_ogunlesi\template\intermediate\debug\imgui.obj
c:\dev\work\arzaan\sdl\game2005_a2_yang_ogunlesi\template\intermediate\debug\util.obj
c:\dev\work\arzaan\sdl\game2005_a2_yang_ogunlesi\template\intermediate\debug\texturemanager.obj
c:\dev\work\arzaan\sdl\game2005_a2_yang_ogunlesi\template\intermediate\debug\target.obj
c:\dev\work\arzaan\sdl\game2005_a2_yang_ogunlesi\template\intermediate\debug\startscene.obj
c:\dev\work\arzaan\sdl\game2005_a2_yang_ogunlesi\template\intermediate\debug\spritesheet.obj
c:\dev\work\arzaan\sdl\game2005_a2_yang_ogunlesi\template\intermediate\debug\eventmanager.obj
c:\dev\work\arzaan\sdl\game2005_a2_yang_ogunlesi\template\intermediate\debug\soundmanager.obj
c:\dev\work\arzaan\sdl\game2005_a2_yang_ogunlesi\template\intermediate\debug\ship.obj
c:\dev\work\arzaan\sdl\game2005_a2_yang_ogunlesi\template\intermediate\debug\scene.obj
c:\dev\work\arzaan\sdl\game2005_a2_yang_ogunlesi\template\intermediate\debug\renderer.obj
c:\dev\work\arzaan\sdl\game2005_a2_yang_ogunlesi\template\intermediate\debug\player.obj
c:\dev\work\arzaan\sdl\game2005_a2_yang_ogunlesi\template\intermediate\debug\plane.obj
c:\dev\work\arzaan\sdl\game2005_a2_yang_ogunlesi\template\intermediate\debug\main.obj
c:\dev\work\arzaan\sdl\game2005_a2_yang_ogunlesi\bin\debug\template.ilk
c:\dev\work\arzaan\sdl\game2005_a2_yang_ogunlesi\bin\debug\template.exe
c:\dev\work\arzaan\sdl\game2005_a2_yang_ogunlesi\bin\debug\template.pdb
c:\dev\work\arzaan\sdl\game2005_a2_yang_ogunlesi\template\intermediate\debug\template.tlog\cl.command.1.tlog
c:\dev\work\arzaan\sdl\game2005_a2_yang_ogunlesi\template\intermediate\debug\template.tlog\cl.read.1.tlog
c:\dev\work\arzaan\sdl\game2005_a2_yang_ogunlesi\template\intermediate\debug\template.tlog\cl.write.1.tlog
c:\dev\work\arzaan\sdl\game2005_a2_yang_ogunlesi\template\intermediate\debug\template.tlog\link.command.1.tlog
c:\dev\work\arzaan\sdl\game2005_a2_yang_ogunlesi\template\intermediate\debug\template.tlog\link.read.1.tlog
c:\dev\work\arzaan\sdl\game2005_a2_yang_ogunlesi\template\intermediate\debug\template.tlog\link.write.1.tlog
